# JRE version: Java(TM) SE Runtime Environment (8.0_211-b12) (build 1.8.0_211-b12)
# Java VM: Java HotSpot(TM) 64-Bit Server VM (25.211-b12 mixed mode bsd-amd64 compressed oops)
Heap:
 PSYoungGen      total 1281536K, used 39335K [0x000000076ab00000, 0x00000007bdd80000, 0x00000007c0000000)
  eden space 1265664K, 1% used [0x000000076ab00000,0x000000076c223388,0x00000007b7f00000)
  from space 15872K, 98% used [0x00000007bba80000,0x00000007bc9c6c30,0x00000007bca00000)
  to   space 19968K, 0% used [0x00000007bca00000,0x00000007bca00000,0x00000007bdd80000)
 ParOldGen       total 184832K, used 49879K [0x00000006c0000000, 0x00000006cb480000, 0x000000076ab00000)
  object space 184832K, 26% used [0x00000006c0000000,0x00000006c30b5cf0,0x00000006cb480000)
 Metaspace       used 51594K, capacity 52150K, committed 52736K, reserved 1095680K
  class space    used 7219K, capacity 7348K, committed 7424K, reserved 1048576K
GC Heap History (10 events):
Event: 13977.180 GC heap before
{Heap before GC invocations=24 (full 3):
 PSYoungGen      total 1356288K, used 1329619K [0x000000076ab00000, 0x00000007bfd00000, 0x00000007c0000000)
  eden space 1321984K, 100% used [0x000000076ab00000,0x00000007bb600000,0x00000007bb600000)
  from space 34304K, 22% used [0x00000007bdb80000,0x00000007be2f4d60,0x00000007bfd00000)
  to   space 36352K, 0% used [0x00000007bb600000,0x00000007bb600000,0x00000007bd980000)
 ParOldGen       total 184832K, used 49847K [0x00000006c0000000, 0x00000006cb480000, 0x000000076ab00000)
  object space 184832K, 26% used [0x00000006c0000000,0x00000006c30adcf0,0x00000006cb480000)
 Metaspace       used 51057K, capacity 51574K, committed 51968K, reserved 1093632K
  class space    used 7210K, capacity 7348K, committed 7424K, reserved 1048576K
Event: 13977.185 GC heap after
Heap after GC invocations=24 (full 3):
 PSYoungGen      total 1358336K, used 10299K [0x000000076ab00000, 0x00000007bfe00000, 0x00000007c0000000)
  eden space 1321984K, 0% used [0x000000076ab00000,0x000000076ab00000,0x00000007bb600000)
  from space 36352K, 28% used [0x00000007bb600000,0x00000007bc00ee00,0x00000007bd980000)
  to   space 34304K, 0% used [0x00000007bdc80000,0x00000007bdc80000,0x00000007bfe00000)
 ParOldGen       total 184832K, used 49847K [0x00000006c0000000, 0x00000006cb480000, 0x000000076ab00000)
  object space 184832K, 26% used [0x00000006c0000000,0x00000006c30adcf0,0x00000006cb480000)
 Metaspace       used 51057K, capacity 51574K, committed 51968K, reserved 1093632K
  class space    used 7210K, capacity 7348K, committed 7424K, reserved 1048576K
}
Event: 15023.672 GC heap before
{Heap before GC invocations=25 (full 3):
 PSYoungGen      total 1358336K, used 1331674K [0x000000076ab00000, 0x00000007bfe00000, 0x00000007c0000000)
  eden space 1321984K, 99% used [0x000000076ab00000,0x00000007bb567c58,0x00000007bb600000)
  from space 36352K, 28% used [0x00000007bb600000,0x00000007bc00ee00,0x00000007bd980000)
  to   space 34304K, 0% used [0x00000007bdc80000,0x00000007bdc80000,0x00000007bfe00000)
 ParOldGen       total 184832K, used 49847K [0x00000006c0000000, 0x00000006cb480000, 0x000000076ab00000)
  object space 184832K, 26% used [0x00000006c0000000,0x00000006c30adcf0,0x00000006cb480000)
 Metaspace       used 51256K, capacity 51830K, committed 52224K, reserved 1093632K
  class space    used 7210K, capacity 7348K, committed 7424K, reserved 1048576K
Event: 15023.691 GC heap after
Heap after GC invocations=25 (full 3):
 PSYoungGen      total 1359360K, used 23794K [0x000000076ab00000, 0x00000007c0000000, 0x00000007c0000000)
  eden space 1325056K, 0% used [0x000000076ab00000,0x000000076ab00000,0x00000007bb900000)
  from space 34304K, 69% used [0x00000007bdc80000,0x00000007bf3bc9b8,0x00000007bfe00000)
  to   space 36352K, 0% used [0x00000007bb900000,0x00000007bb900000,0x00000007bdc80000)
 ParOldGen       total 184832K, used 49855K [0x00000006c0000000, 0x00000006cb480000, 0x000000076ab00000)
  object space 184832K, 26% used [0x00000006c0000000,0x00000006c30afcf0,0x00000006cb480000)
 Metaspace       used 51256K, capacity 51830K, committed 52224K, reserved 1093632K
  class space    used 7210K, capacity 7348K, committed 7424K, reserved 1048576K
}
Event: 15939.870 GC heap before
{Heap before GC invocations=26 (full 3):
 PSYoungGen      total 1359360K, used 1348850K [0x000000076ab00000, 0x00000007c0000000, 0x00000007c0000000)
  eden space 1325056K, 100% used [0x000000076ab00000,0x00000007bb900000,0x00000007bb900000)
  from space 34304K, 69% used [0x00000007bdc80000,0x00000007bf3bc9b8,0x00000007bfe00000)
  to   space 36352K, 0% used [0x00000007bb900000,0x00000007bb900000,0x00000007bdc80000)
 ParOldGen       total 184832K, used 49855K [0x00000006c0000000, 0x00000006cb480000, 0x000000076ab00000)
  object space 184832K, 26% used [0x00000006c0000000,0x00000006c30afcf0,0x00000006cb480000)
 Metaspace       used 51417K, capacity 51958K, committed 52480K, reserved 1093632K
  class space    used 7215K, capacity 7348K, committed 7424K, reserved 1048576K
Event: 15939.874 GC heap after
Heap after GC invocations=26 (full 3):
 PSYoungGen      total 1361408K, used 11575K [0x000000076ab00000, 0x00000007bff00000, 0x00000007c0000000)
  eden space 1325056K, 0% used [0x000000076ab00000,0x000000076ab00000,0x00000007bb900000)
  from space 36352K, 31% used [0x00000007bb900000,0x00000007bc44dc10,0x00000007bdc80000)
  to   space 34816K, 0% used [0x00000007bdd00000,0x00000007bdd00000,0x00000007bff00000)
 ParOldGen       total 184832K, used 49863K [0x00000006c0000000, 0x00000006cb480000, 0x000000076ab00000)
  object space 184832K, 26% used [0x00000006c0000000,0x00000006c30b1cf0,0x00000006cb480000)
 Metaspace       used 51417K, capacity 51958K, committed 52480K, reserved 1093632K
  class space    used 7215K, capacity 7348K, committed 7424K, reserved 1048576K
}
Event: 47723.245 GC heap before
{Heap before GC invocations=27 (full 3):
 PSYoungGen      total 1361408K, used 1336631K [0x000000076ab00000, 0x00000007bff00000, 0x00000007c0000000)
  eden space 1325056K, 100% used [0x000000076ab00000,0x00000007bb900000,0x00000007bb900000)
  from space 36352K, 31% used [0x00000007bb900000,0x00000007bc44dc10,0x00000007bdc80000)
  to   space 34816K, 0% used [0x00000007bdd00000,0x00000007bdd00000,0x00000007bff00000)
 ParOldGen       total 184832K, used 49863K [0x00000006c0000000, 0x00000006cb480000, 0x000000076ab00000)
  object space 184832K, 26% used [0x00000006c0000000,0x00000006c30b1cf0,0x00000006cb480000)
 Metaspace       used 51438K, capacity 51958K, committed 52480K, reserved 1093632K
  class space    used 7215K, capacity 7348K, committed 7424K, reserved 1048576K
Event: 47723.401 GC heap after
Heap after GC invocations=27 (full 3):
 PSYoungGen      total 1358848K, used 16923K [0x000000076ab00000, 0x00000007bfc80000, 0x00000007c0000000)
  eden space 1326592K, 0% used [0x000000076ab00000,0x000000076ab00000,0x00000007bba80000)
  from space 32256K, 52% used [0x00000007bdd00000,0x00000007bed86d00,0x00000007bfc80000)
  to   space 33792K, 0% used [0x00000007bba80000,0x00000007bba80000,0x00000007bdb80000)
 ParOldGen       total 184832K, used 49871K [0x00000006c0000000, 0x00000006cb480000, 0x000000076ab00000)
  object space 184832K, 26% used [0x00000006c0000000,0x00000006c30b3cf0,0x00000006cb480000)
 Metaspace       used 51438K, capacity 51958K, committed 52480K, reserved 1093632K
  class space    used 7215K, capacity 7348K, committed 7424K, reserved 1048576K
}
Event: 76399.592 GC heap before
{Heap before GC invocations=28 (full 3):
 PSYoungGen      total 1358848K, used 1343515K [0x000000076ab00000, 0x00000007bfc80000, 0x00000007c0000000)
  eden space 1326592K, 100% used [0x000000076ab00000,0x00000007bba80000,0x00000007bba80000)
  from space 32256K, 52% used [0x00000007bdd00000,0x00000007bed86d00,0x00000007bfc80000)
  to   space 33792K, 0% used [0x00000007bba80000,0x00000007bba80000,0x00000007bdb80000)
 ParOldGen       total 184832K, used 49871K [0x00000006c0000000, 0x00000006cb480000, 0x000000076ab00000)
  object space 184832K, 26% used [0x00000006c0000000,0x00000006c30b3cf0,0x00000006cb480000)
 Metaspace       used 51594K, capacity 52150K, committed 52736K, reserved 1095680K
  class space    used 7219K, capacity 7348K, committed 7424K, reserved 1048576K
Event: 76399.607 GC heap after
Heap after GC invocations=28 (full 3):
 PSYoungGen      total 1281536K, used 15643K [0x000000076ab00000, 0x00000007bdd80000, 0x00000007c0000000)
  eden space 1265664K, 0% used [0x000000076ab00000,0x000000076ab00000,0x00000007b7f00000)
  from space 15872K, 98% used [0x00000007bba80000,0x00000007bc9c6c30,0x00000007bca00000)
  to   space 19968K, 0% used [0x00000007bca00000,0x00000007bca00000,0x00000007bdd80000)
 ParOldGen       total 184832K, used 49879K [0x00000006c0000000, 0x00000006cb480000, 0x000000076ab00000)
  object space 184832K, 26% used [0x00000006c0000000,0x00000006c30b5cf0,0x00000006cb480000)
 Metaspace       used 51594K, capacity 52150K, committed 52736K, reserved 1095680K
  class space    used 7219K, capacity 7348K, committed 7424K, reserved 1048576K
}

