# JRE version: Java(TM) SE Runtime Environment (8.0_191-b12) (build 1.8.0_191-b12)
# Java VM: Java HotSpot(TM) 64-Bit Server VM (25.191-b12 mixed mode windows-amd64 compressed oops)
Heap:
 PSYoungGen      total 503808K, used 60606K [0x000000076ab00000, 0x000000078b400000, 0x00000007c0000000)
  eden space 487424K, 9% used [0x000000076ab00000,0x000000076d67c370,0x0000000788700000)
  from space 16384K, 98% used [0x0000000789c80000,0x000000078ac336c8,0x000000078ac80000)
  to   space 7680K, 0% used [0x000000078ac80000,0x000000078ac80000,0x000000078b400000)
 ParOldGen       total 121856K, used 40832K [0x00000006c0000000, 0x00000006c7700000, 0x000000076ab00000)
  object space 121856K, 33% used [0x00000006c0000000,0x00000006c27e0280,0x00000006c7700000)
 Metaspace       used 32562K, capacity 32912K, committed 33328K, reserved 1077248K
  class space    used 4510K, capacity 4635K, committed 4656K, reserved 1048576K
GC Heap History (10 events):
Event: 185.382 GC heap before
{Heap before GC invocations=7 (full 1):
 PSYoungGen      total 141312K, used 134582K [0x000000076ab00000, 0x000000077b980000, 0x00000007c0000000)
  eden space 130560K, 98% used [0x000000076ab00000,0x00000007728c1eb0,0x0000000772a80000)
  from space 10752K, 54% used [0x0000000772a80000,0x000000077302bd38,0x0000000773500000)
  to   space 8704K, 0% used [0x000000077b100000,0x000000077b100000,0x000000077b980000)
 ParOldGen       total 72192K, used 27226K [0x00000006c0000000, 0x00000006c4680000, 0x000000076ab00000)
  object space 72192K, 37% used [0x00000006c0000000,0x00000006c1a96830,0x00000006c4680000)
 Metaspace       used 27784K, capacity 28042K, committed 28336K, reserved 1073152K
  class space    used 3878K, capacity 3976K, committed 4016K, reserved 1048576K
Event: 185.393 GC heap after
Heap after GC invocations=7 (full 1):
 PSYoungGen      total 267264K, used 5121K [0x000000076ab00000, 0x000000077b880000, 0x00000007c0000000)
  eden space 259584K, 0% used [0x000000076ab00000,0x000000076ab00000,0x000000077a880000)
  from space 7680K, 66% used [0x000000077b100000,0x000000077b600698,0x000000077b880000)
  to   space 8192K, 0% used [0x000000077a880000,0x000000077a880000,0x000000077b080000)
 ParOldGen       total 72192K, used 47897K [0x00000006c0000000, 0x00000006c4680000, 0x000000076ab00000)
  object space 72192K, 66% used [0x00000006c0000000,0x00000006c2ec6458,0x00000006c4680000)
 Metaspace       used 27784K, capacity 28042K, committed 28336K, reserved 1073152K
  class space    used 3878K, capacity 3976K, committed 4016K, reserved 1048576K
}
Event: 240.334 GC heap before
{Heap before GC invocations=8 (full 1):
 PSYoungGen      total 267264K, used 264132K [0x000000076ab00000, 0x000000077b880000, 0x00000007c0000000)
  eden space 259584K, 99% used [0x000000076ab00000,0x000000077a7f0c20,0x000000077a880000)
  from space 7680K, 66% used [0x000000077b100000,0x000000077b600698,0x000000077b880000)
  to   space 8192K, 0% used [0x000000077a880000,0x000000077a880000,0x000000077b080000)
 ParOldGen       total 72192K, used 47897K [0x00000006c0000000, 0x00000006c4680000, 0x000000076ab00000)
  object space 72192K, 66% used [0x00000006c0000000,0x00000006c2ec6458,0x00000006c4680000)
 Metaspace       used 32087K, capacity 32312K, committed 32816K, reserved 1077248K
  class space    used 4497K, capacity 4567K, committed 4656K, reserved 1048576K
Event: 240.353 GC heap after
Heap after GC invocations=8 (full 1):
 PSYoungGen      total 267776K, used 8189K [0x000000076ab00000, 0x000000078c600000, 0x00000007c0000000)
  eden space 259584K, 0% used [0x000000076ab00000,0x000000076ab00000,0x000000077a880000)
  from space 8192K, 99% used [0x000000077a880000,0x000000077b07f4a0,0x000000077b080000)
  to   space 18944K, 0% used [0x000000078b380000,0x000000078b380000,0x000000078c600000)
 ParOldGen       total 72192K, used 67588K [0x00000006c0000000, 0x00000006c4680000, 0x000000076ab00000)
  object space 72192K, 93% used [0x00000006c0000000,0x00000006c4201200,0x00000006c4680000)
 Metaspace       used 32087K, capacity 32312K, committed 32816K, reserved 1077248K
  class space    used 4497K, capacity 4567K, committed 4656K, reserved 1048576K
}
Event: 240.353 GC heap before
{Heap before GC invocations=9 (full 2):
 PSYoungGen      total 267776K, used 8189K [0x000000076ab00000, 0x000000078c600000, 0x00000007c0000000)
  eden space 259584K, 0% used [0x000000076ab00000,0x000000076ab00000,0x000000077a880000)
  from space 8192K, 99% used [0x000000077a880000,0x000000077b07f4a0,0x000000077b080000)
  to   space 18944K, 0% used [0x000000078b380000,0x000000078b380000,0x000000078c600000)
 ParOldGen       total 72192K, used 67588K [0x00000006c0000000, 0x00000006c4680000, 0x000000076ab00000)
  object space 72192K, 93% used [0x00000006c0000000,0x00000006c4201200,0x00000006c4680000)
 Metaspace       used 32087K, capacity 32312K, committed 32816K, reserved 1077248K
  class space    used 4497K, capacity 4567K, committed 4656K, reserved 1048576K
Event: 240.401 GC heap after
Heap after GC invocations=9 (full 2):
 PSYoungGen      total 267776K, used 0K [0x000000076ab00000, 0x000000078c600000, 0x00000007c0000000)
  eden space 259584K, 0% used [0x000000076ab00000,0x000000076ab00000,0x000000077a880000)
  from space 8192K, 0% used [0x000000077a880000,0x000000077a880000,0x000000077b080000)
  to   space 18944K, 0% used [0x000000078b380000,0x000000078b380000,0x000000078c600000)
 ParOldGen       total 121856K, used 27041K [0x00000006c0000000, 0x00000006c7700000, 0x000000076ab00000)
  object space 121856K, 22% used [0x00000006c0000000,0x00000006c1a68510,0x00000006c7700000)
 Metaspace       used 32087K, capacity 32312K, committed 32816K, reserved 1077248K
  class space    used 4497K, capacity 4567K, committed 4656K, reserved 1048576K
}
Event: 777.597 GC heap before
{Heap before GC invocations=10 (full 2):
 PSYoungGen      total 267776K, used 259480K [0x000000076ab00000, 0x000000078c600000, 0x00000007c0000000)
  eden space 259584K, 99% used [0x000000076ab00000,0x000000077a866290,0x000000077a880000)
  from space 8192K, 0% used [0x000000077a880000,0x000000077a880000,0x000000077b080000)
  to   space 18944K, 0% used [0x000000078b380000,0x000000078b380000,0x000000078c600000)
 ParOldGen       total 121856K, used 27041K [0x00000006c0000000, 0x00000006c7700000, 0x000000076ab00000)
  object space 121856K, 22% used [0x00000006c0000000,0x00000006c1a68510,0x00000006c7700000)
 Metaspace       used 32397K, capacity 32708K, committed 33072K, reserved 1077248K
  class space    used 4508K, capacity 4633K, committed 4656K, reserved 1048576K
Event: 777.604 GC heap after
Heap after GC invocations=10 (full 2):
 PSYoungGen      total 527872K, used 15520K [0x000000076ab00000, 0x000000078c580000, 0x00000007c0000000)
  eden space 509440K, 0% used [0x000000076ab00000,0x000000076ab00000,0x0000000789c80000)
  from space 18432K, 84% used [0x000000078b380000,0x000000078c2a82f0,0x000000078c580000)
  to   space 20992K, 0% used [0x0000000789c80000,0x0000000789c80000,0x000000078b100000)
 ParOldGen       total 121856K, used 33936K [0x00000006c0000000, 0x00000006c7700000, 0x000000076ab00000)
  object space 121856K, 27% used [0x00000006c0000000,0x00000006c21243c8,0x00000006c7700000)
 Metaspace       used 32397K, capacity 32708K, committed 33072K, reserved 1077248K
  class space    used 4508K, capacity 4633K, committed 4656K, reserved 1048576K
}
Event: 1007.376 GC heap before
{Heap before GC invocations=11 (full 2):
 PSYoungGen      total 527872K, used 524960K [0x000000076ab00000, 0x000000078c580000, 0x00000007c0000000)
  eden space 509440K, 100% used [0x000000076ab00000,0x0000000789c80000,0x0000000789c80000)
  from space 18432K, 84% used [0x000000078b380000,0x000000078c2a82f0,0x000000078c580000)
  to   space 20992K, 0% used [0x0000000789c80000,0x0000000789c80000,0x000000078b100000)
 ParOldGen       total 121856K, used 33936K [0x00000006c0000000, 0x00000006c7700000, 0x000000076ab00000)
  object space 121856K, 27% used [0x00000006c0000000,0x00000006c21243c8,0x00000006c7700000)
 Metaspace       used 32522K, capacity 32912K, committed 33328K, reserved 1077248K
  class space    used 4509K, capacity 4635K, committed 4656K, reserved 1048576K
Event: 1007.390 GC heap after
Heap after GC invocations=11 (full 2):
 PSYoungGen      total 503808K, used 16077K [0x000000076ab00000, 0x000000078b400000, 0x00000007c0000000)
  eden space 487424K, 0% used [0x000000076ab00000,0x000000076ab00000,0x0000000788700000)
  from space 16384K, 98% used [0x0000000789c80000,0x000000078ac336c8,0x000000078ac80000)
  to   space 7680K, 0% used [0x000000078ac80000,0x000000078ac80000,0x000000078b400000)
 ParOldGen       total 121856K, used 40832K [0x00000006c0000000, 0x00000006c7700000, 0x000000076ab00000)
  object space 121856K, 33% used [0x00000006c0000000,0x00000006c27e0280,0x00000006c7700000)
 Metaspace       used 32522K, capacity 32912K, committed 33328K, reserved 1077248K
  class space    used 4509K, capacity 4635K, committed 4656K, reserved 1048576K
}

